\BOOKMARK [0][-]{chapter.1}{Einleitung}{}% 1
\BOOKMARK [1][-]{section.1.1}{Motivation}{chapter.1}% 2
\BOOKMARK [1][-]{section.1.2}{Zielsetzung}{chapter.1}% 3
\BOOKMARK [1][-]{section.1.3}{Vorgehensweise und Aufbau der Arbeit}{chapter.1}% 4
\BOOKMARK [0][-]{chapter.2}{Grundlagen}{}% 5
\BOOKMARK [1][-]{section.2.1}{Beispiel Unterkapitel}{chapter.2}% 6
\BOOKMARK [1][-]{section.2.2}{Verwandte Arbeiten}{chapter.2}% 7
\BOOKMARK [0][-]{chapter.3}{Analyse}{}% 8
\BOOKMARK [1][-]{section.3.1}{Beispiel Unterkapitel}{chapter.3}% 9
\BOOKMARK [1][-]{section.3.2}{Beispiel Unterkapitel}{chapter.3}% 10
\BOOKMARK [0][-]{chapter.4}{Konzeption}{}% 11
\BOOKMARK [1][-]{section.4.1}{Prior Work TODO}{chapter.4}% 12
\BOOKMARK [1][-]{section.4.2}{Beispiel Unterkapitel}{chapter.4}% 13
\BOOKMARK [2][-]{subsection.4.2.1}{Beispiel Unterkapitel zweiter Ebene}{section.4.2}% 14
\BOOKMARK [0][-]{chapter.5}{Implementierung}{}% 15
\BOOKMARK [1][-]{section.5.1}{Beispiel Unterkapitel}{chapter.5}% 16
\BOOKMARK [1][-]{section.5.2}{Beispiel Unterkapitel}{chapter.5}% 17
\BOOKMARK [0][-]{chapter.6}{Test}{}% 18
\BOOKMARK [1][-]{section.6.1}{Beispiel Unterkapitel}{chapter.6}% 19
\BOOKMARK [1][-]{section.6.2}{Beispiel Unterkapitel}{chapter.6}% 20
\BOOKMARK [0][-]{chapter.7}{Evaluation}{}% 21
\BOOKMARK [1][-]{section.7.1}{Beispiel Unterkapitel}{chapter.7}% 22
\BOOKMARK [1][-]{section.7.2}{Beispiel Unterkapitel}{chapter.7}% 23
\BOOKMARK [0][-]{chapter.8}{Fazit}{}% 24
\BOOKMARK [1][-]{section.8.1}{Zusammenfassung}{chapter.8}% 25
\BOOKMARK [1][-]{section.8.2}{Kritischer R\374ckblick}{chapter.8}% 26
\BOOKMARK [1][-]{section.8.3}{Ausblick}{chapter.8}% 27
\BOOKMARK [0][-]{chapter*.6}{Abbildungsverzeichnis}{}% 28
\BOOKMARK [0][-]{chapter*.7}{Tabellenverzeichnis}{}% 29
\BOOKMARK [0][-]{chapter*.8}{Source Code Content}{}% 30
\BOOKMARK [0][-]{section*.9}{Glossar}{}% 31
\BOOKMARK [0][-]{appendix.A}{Anhang A}{}% 32
\BOOKMARK [1][-]{section.A.1}{Beispiel}{appendix.A}% 33
\BOOKMARK [0][-]{chapter*.11}{Eigenst\344ndigkeitserkl\344rung}{}% 34
